{"/Users/huckbit/dev/electron/pomodoro-timer/src/renderer.ts": {"path":"/Users/huckbit/dev/electron/pomodoro-timer/src/renderer.ts","statementMap":{"0":{"start":{"line":1,"column":21},"end":{"line":1,"column":28}},"1":{"start":{"line":2,"column":28},"end":{"line":2,"column":40}},"2":{"start":{"line":4,"column":17},"end":{"line":4,"column":22}},"3":{"start":{"line":5,"column":22},"end":{"line":5,"column":61}},"4":{"start":{"line":6,"column":19},"end":{"line":6,"column":56}},"5":{"start":{"line":7,"column":19},"end":{"line":7,"column":53}},"6":{"start":{"line":8,"column":19},"end":{"line":8,"column":58}},"7":{"start":{"line":12,"column":18},"end":{"line":12,"column":48}},"8":{"start":{"line":13,"column":18},"end":{"line":13,"column":36}},"9":{"start":{"line":15,"column":31},"end":{"line":15,"column":71}},"10":{"start":{"line":16,"column":2},"end":{"line":18,"column":3}},"11":{"start":{"line":17,"column":4},"end":{"line":17,"column":91}},"12":{"start":{"line":22,"column":31},"end":{"line":22,"column":71}},"13":{"start":{"line":23,"column":2},"end":{"line":26,"column":3}},"14":{"start":{"line":24,"column":4},"end":{"line":24,"column":63}},"15":{"start":{"line":25,"column":4},"end":{"line":25,"column":25}},"16":{"start":{"line":27,"column":2},"end":{"line":27,"column":19}},"17":{"start":{"line":31,"column":2},"end":{"line":31,"column":20}},"18":{"start":{"line":32,"column":2},"end":{"line":32,"column":20}},"19":{"start":{"line":33,"column":2},"end":{"line":44,"column":11}},"20":{"start":{"line":34,"column":4},"end":{"line":34,"column":38}},"21":{"start":{"line":36,"column":4},"end":{"line":43,"column":5}},"22":{"start":{"line":37,"column":6},"end":{"line":37,"column":39}},"23":{"start":{"line":38,"column":6},"end":{"line":38,"column":21}},"24":{"start":{"line":40,"column":6},"end":{"line":42,"column":7}},"25":{"start":{"line":41,"column":8},"end":{"line":41,"column":43}},"26":{"start":{"line":48,"column":2},"end":{"line":48,"column":20}},"27":{"start":{"line":49,"column":2},"end":{"line":49,"column":35}},"28":{"start":{"line":50,"column":2},"end":{"line":50,"column":21}},"29":{"start":{"line":54,"column":2},"end":{"line":54,"column":20}},"30":{"start":{"line":55,"column":2},"end":{"line":55,"column":35}},"31":{"start":{"line":56,"column":2},"end":{"line":56,"column":36}},"32":{"start":{"line":57,"column":2},"end":{"line":57,"column":31}},"33":{"start":{"line":58,"column":2},"end":{"line":58,"column":21}}},"fnMap":{"0":{"name":"renderRemainingTime","decl":{"start":{"line":11,"column":9},"end":{"line":11,"column":28}},"loc":{"start":{"line":11,"column":52},"end":{"line":19,"column":1}},"line":11},"1":{"name":"timeFinished","decl":{"start":{"line":21,"column":16},"end":{"line":21,"column":28}},"loc":{"start":{"line":21,"column":37},"end":{"line":28,"column":1}},"line":21},"2":{"name":"startCountdown","decl":{"start":{"line":30,"column":16},"end":{"line":30,"column":30}},"loc":{"start":{"line":30,"column":39},"end":{"line":45,"column":1}},"line":30},"3":{"name":"(anonymous_3)","decl":{"start":{"line":33,"column":34},"end":{"line":33,"column":35}},"loc":{"start":{"line":33,"column":40},"end":{"line":44,"column":3}},"line":33},"4":{"name":"pauseCountdown","decl":{"start":{"line":47,"column":16},"end":{"line":47,"column":30}},"loc":{"start":{"line":47,"column":39},"end":{"line":51,"column":1}},"line":47},"5":{"name":"resetCountdown","decl":{"start":{"line":53,"column":16},"end":{"line":53,"column":30}},"loc":{"start":{"line":53,"column":39},"end":{"line":59,"column":1}},"line":53}},"branchMap":{"0":{"loc":{"start":{"line":16,"column":2},"end":{"line":18,"column":3}},"type":"if","locations":[{"start":{"line":16,"column":2},"end":{"line":18,"column":3}},{"start":{},"end":{}}],"line":16},"1":{"loc":{"start":{"line":23,"column":2},"end":{"line":26,"column":3}},"type":"if","locations":[{"start":{"line":23,"column":2},"end":{"line":26,"column":3}},{"start":{},"end":{}}],"line":23},"2":{"loc":{"start":{"line":36,"column":4},"end":{"line":43,"column":5}},"type":"if","locations":[{"start":{"line":36,"column":4},"end":{"line":43,"column":5}},{"start":{"line":39,"column":11},"end":{"line":43,"column":5}}],"line":36},"3":{"loc":{"start":{"line":40,"column":6},"end":{"line":42,"column":7}},"type":"if","locations":[{"start":{"line":40,"column":6},"end":{"line":42,"column":7}},{"start":{},"end":{}}],"line":40}},"s":{"0":1,"1":1,"2":1,"3":1,"4":1,"5":1,"6":1,"7":0,"8":0,"9":0,"10":0,"11":0,"12":0,"13":0,"14":0,"15":0,"16":0,"17":0,"18":0,"19":0,"20":0,"21":0,"22":0,"23":0,"24":0,"25":0,"26":0,"27":0,"28":0,"29":0,"30":0,"31":0,"32":0,"33":0},"f":{"0":0,"1":0,"2":0,"3":0,"4":0,"5":0},"b":{"0":[0,0],"1":[0,0],"2":[0,0],"3":[0,0]},"_coverageSchema":"1a1c01bbd47fc00a2c39e90264f33305004495a9","hash":"14dd295be7ba4dada145ccbabdd8678eb8347b19"}
}
