TN:
SF:src/renderer.ts
FN:11,renderRemainingTime
FN:21,timeFinished
FN:30,startCountdown
FN:33,(anonymous_3)
FN:47,pauseCountdown
FN:53,resetCountdown
FNF:6
FNH:0
FNDA:0,renderRemainingTime
FNDA:0,timeFinished
FNDA:0,startCountdown
FNDA:0,(anonymous_3)
FNDA:0,pauseCountdown
FNDA:0,resetCountdown
DA:1,1
DA:2,1
DA:4,1
DA:5,1
DA:6,1
DA:7,1
DA:8,1
DA:12,0
DA:13,0
DA:15,0
DA:16,0
DA:17,0
DA:22,0
DA:23,0
DA:24,0
DA:25,0
DA:27,0
DA:31,0
DA:32,0
DA:33,0
DA:34,0
DA:36,0
DA:37,0
DA:38,0
DA:40,0
DA:41,0
DA:48,0
DA:49,0
DA:50,0
DA:54,0
DA:55,0
DA:56,0
DA:57,0
DA:58,0
LF:34
LH:7
BRDA:16,0,0,0
BRDA:16,0,1,0
BRDA:23,1,0,0
BRDA:23,1,1,0
BRDA:36,2,0,0
BRDA:36,2,1,0
BRDA:40,3,0,0
BRDA:40,3,1,0
BRF:8
BRH:0
end_of_record
