TN:
SF:src/renderer.ts
FN:11,renderRemainingTime
FN:21,timeFinished
FN:30,startCountdown
FN:33,(anonymous_3)
FN:47,pauseCountdown
FN:53,resetCountdown
FNF:6
FNH:6
FNDA:4,renderRemainingTime
FNDA:1,timeFinished
FNDA:2,startCountdown
FNDA:1,(anonymous_3)
FNDA:3,pauseCountdown
FNDA:1,resetCountdown
DA:1,1
DA:2,1
DA:4,1
DA:5,1
DA:6,1
DA:7,1
DA:8,1
DA:12,4
DA:13,4
DA:15,4
DA:16,4
DA:17,4
DA:22,1
DA:23,1
DA:24,1
DA:25,1
DA:27,1
DA:31,2
DA:32,2
DA:33,2
DA:34,1
DA:36,1
DA:37,0
DA:38,0
DA:40,1
DA:41,1
DA:48,3
DA:49,3
DA:50,3
DA:54,1
DA:55,1
DA:56,1
DA:57,1
DA:58,1
LF:34
LH:32
BRDA:16,0,0,4
BRDA:16,0,1,0
BRDA:23,1,0,1
BRDA:23,1,1,0
BRDA:36,2,0,0
BRDA:36,2,1,1
BRDA:40,3,0,1
BRDA:40,3,1,0
BRF:8
BRH:4
end_of_record
